<?xml version="1.0" encoding="UTF-8"?>
<coverage generated="1600672775217" clover="3.2.0">
  <project timestamp="1600672775218" name="All files">
    <metrics statements="24" coveredstatements="18" conditionals="8" coveredconditionals="6" methods="8" coveredmethods="4" elements="40" coveredelements="28" complexity="0" loc="24" ncloc="24" packages="2" files="3" classes="3"/>
    <package name="src">
      <metrics statements="23" coveredstatements="17" conditionals="8" coveredconditionals="6" methods="8" coveredmethods="4"/>
      <file name="button.ts" path="C:\Users\hverma1\Assignments\component\packages\button\src\button.ts">
        <metrics statements="22" coveredstatements="16" conditionals="8" coveredconditionals="6" methods="8" coveredmethods="4"/>
        <line num="22" count="25" type="stmt"/>
        <line num="30" count="25" type="stmt"/>
        <line num="33" count="25" type="stmt"/>
        <line num="36" count="25" type="stmt"/>
        <line num="45" count="25" type="stmt"/>
        <line num="53" count="25" type="stmt"/>
        <line num="59" count="46" type="cond" truecount="1" falsecount="1"/>
        <line num="60" count="0" type="stmt"/>
        <line num="65" count="46" type="cond" truecount="1" falsecount="1"/>
        <line num="67" count="0" type="stmt"/>
        <line num="71" count="46" type="cond" truecount="4" falsecount="0"/>
        <line num="73" count="1" type="stmt"/>
        <line num="77" count="45" type="stmt"/>
        <line num="78" count="1" type="stmt"/>
        <line num="87" count="0" type="stmt"/>
        <line num="89" count="0" type="stmt"/>
        <line num="96" count="0" type="stmt"/>
        <line num="97" count="0" type="stmt"/>
        <line num="104" count="1" type="stmt"/>
        <line num="112" count="1" type="stmt"/>
        <line num="117" count="1" type="stmt"/>
        <line num="121" count="2" type="stmt"/>
      </file>
      <file name="index.ts" path="C:\Users\hverma1\Assignments\component\packages\button\src\index.ts">
        <metrics statements="1" coveredstatements="1" conditionals="0" coveredconditionals="0" methods="0" coveredmethods="0"/>
        <line num="9" count="2" type="stmt"/>
      </file>
    </package>
    <package name="src.locales">
      <metrics statements="1" coveredstatements="1" conditionals="0" coveredconditionals="0" methods="0" coveredmethods="0"/>
      <file name="en.ts" path="C:\Users\hverma1\Assignments\component\packages\button\src\locales\en.ts">
        <metrics statements="1" coveredstatements="1" conditionals="0" coveredconditionals="0" methods="0" coveredmethods="0"/>
        <line num="1" count="2" type="stmt"/>
      </file>
    </package>
  </project>
</coverage>
