{"C:\\Users\\hverma1\\Assignments\\component\\packages\\button\\src\\button.ts": {"path":"C:\\Users\\hverma1\\Assignments\\component\\packages\\button\\src\\button.ts","statementMap":{"0":{"start":{"line":22,"column":15},"end":{"line":22,"column":28}},"1":{"start":{"line":30,"column":15},"end":{"line":30,"column":27}},"2":{"start":{"line":33,"column":13},"end":{"line":33,"column":15}},"3":{"start":{"line":36,"column":16},"end":{"line":36,"column":18}},"4":{"start":{"line":45,"column":13},"end":{"line":45,"column":18}},"5":{"start":{"line":53,"column":14},"end":{"line":53,"column":22}},"6":{"start":{"line":59,"column":3},"end":{"line":63,"column":5}},"7":{"start":{"line":60,"column":6},"end":{"line":62,"column":7}},"8":{"start":{"line":65,"column":4},"end":{"line":70,"column":5}},"9":{"start":{"line":67,"column":8},"end":{"line":69,"column":9}},"10":{"start":{"line":71,"column":4},"end":{"line":76,"column":5}},"11":{"start":{"line":73,"column":8},"end":{"line":75,"column":9}},"12":{"start":{"line":77,"column":8},"end":{"line":83,"column":9}},"13":{"start":{"line":78,"column":89},"end":{"line":78,"column":113}},"14":{"start":{"line":87,"column":4},"end":{"line":92,"column":9}},"15":{"start":{"line":89,"column":29},"end":{"line":89,"column":53}},"16":{"start":{"line":96,"column":4},"end":{"line":100,"column":9}},"17":{"start":{"line":97,"column":93},"end":{"line":97,"column":117}},"18":{"start":{"line":104,"column":4},"end":{"line":108,"column":10}},"19":{"start":{"line":112,"column":20},"end":{"line":116,"column":8}},"20":{"start":{"line":117,"column":6},"end":{"line":117,"column":32}},"21":{"start":{"line":121,"column":18},"end":{"line":121,"column":24}}},"fnMap":{"0":{"name":"(anonymous_0)","decl":{"start":{"line":57,"column":2},"end":{"line":57,"column":3}},"loc":{"start":{"line":57,"column":11},"end":{"line":84,"column":3}},"line":57},"1":{"name":"(anonymous_1)","decl":{"start":{"line":78,"column":83},"end":{"line":78,"column":84}},"loc":{"start":{"line":78,"column":89},"end":{"line":78,"column":113}},"line":78},"2":{"name":"(anonymous_2)","decl":{"start":{"line":86,"column":2},"end":{"line":86,"column":3}},"loc":{"start":{"line":86,"column":30},"end":{"line":93,"column":3}},"line":86},"3":{"name":"(anonymous_3)","decl":{"start":{"line":89,"column":23},"end":{"line":89,"column":24}},"loc":{"start":{"line":89,"column":29},"end":{"line":89,"column":53}},"line":89},"4":{"name":"(anonymous_4)","decl":{"start":{"line":95,"column":2},"end":{"line":95,"column":3}},"loc":{"start":{"line":95,"column":30},"end":{"line":101,"column":3}},"line":95},"5":{"name":"(anonymous_5)","decl":{"start":{"line":97,"column":87},"end":{"line":97,"column":88}},"loc":{"start":{"line":97,"column":93},"end":{"line":97,"column":117}},"line":97},"6":{"name":"(anonymous_6)","decl":{"start":{"line":103,"column":2},"end":{"line":103,"column":3}},"loc":{"start":{"line":103,"column":36},"end":{"line":109,"column":3}},"line":103},"7":{"name":"(anonymous_7)","decl":{"start":{"line":111,"column":2},"end":{"line":111,"column":3}},"loc":{"start":{"line":111,"column":27},"end":{"line":118,"column":3}},"line":111}},"branchMap":{"0":{"loc":{"start":{"line":59,"column":3},"end":{"line":63,"column":5}},"type":"if","locations":[{"start":{"line":59,"column":3},"end":{"line":63,"column":5}},{"start":{"line":59,"column":3},"end":{"line":63,"column":5}}],"line":59},"1":{"loc":{"start":{"line":65,"column":4},"end":{"line":70,"column":5}},"type":"if","locations":[{"start":{"line":65,"column":4},"end":{"line":70,"column":5}},{"start":{"line":65,"column":4},"end":{"line":70,"column":5}}],"line":65},"2":{"loc":{"start":{"line":71,"column":4},"end":{"line":76,"column":5}},"type":"if","locations":[{"start":{"line":71,"column":4},"end":{"line":76,"column":5}},{"start":{"line":71,"column":4},"end":{"line":76,"column":5}}],"line":71},"3":{"loc":{"start":{"line":71,"column":8},"end":{"line":71,"column":59}},"type":"binary-expr","locations":[{"start":{"line":71,"column":8},"end":{"line":71,"column":42}},{"start":{"line":71,"column":46},"end":{"line":71,"column":59}}],"line":71}},"s":{"0":25,"1":25,"2":25,"3":25,"4":25,"5":25,"6":46,"7":0,"8":46,"9":0,"10":46,"11":1,"12":45,"13":1,"14":0,"15":0,"16":0,"17":0,"18":1,"19":1,"20":1,"21":2},"f":{"0":46,"1":1,"2":0,"3":0,"4":0,"5":0,"6":1,"7":1},"b":{"0":[0,46],"1":[0,46],"2":[1,45],"3":[46,5]},"_coverageSchema":"1a1c01bbd47fc00a2c39e90264f33305004495a9","hash":"0eaf9c6daff73b38142d54ae58fe188107e4ec26"}
,"C:\\Users\\hverma1\\Assignments\\component\\packages\\button\\src\\index.ts": {"path":"C:\\Users\\hverma1\\Assignments\\component\\packages\\button\\src\\index.ts","statementMap":{"0":{"start":{"line":9,"column":0},"end":{"line":9,"column":40}}},"fnMap":{},"branchMap":{},"s":{"0":2},"f":{},"b":{},"_coverageSchema":"1a1c01bbd47fc00a2c39e90264f33305004495a9","hash":"72800c508b84d20fb3e65e2c398c21e7db1ea053"}
,"C:\\Users\\hverma1\\Assignments\\component\\packages\\button\\src\\locales\\en.ts": {"path":"C:\\Users\\hverma1\\Assignments\\component\\packages\\button\\src\\locales\\en.ts","statementMap":{"0":{"start":{"line":1,"column":27},"end":{"line":5,"column":1}}},"fnMap":{},"branchMap":{},"s":{"0":2},"f":{},"b":{},"_coverageSchema":"1a1c01bbd47fc00a2c39e90264f33305004495a9","hash":"1b5babf4bf7b368b1a0887c4210ed78a33b37e5d"}
}
