TN:
SF:src\button.ts
FN:57,(anonymous_0)
FN:78,(anonymous_1)
FN:86,(anonymous_2)
FN:89,(anonymous_3)
FN:95,(anonymous_4)
FN:97,(anonymous_5)
FN:103,(anonymous_6)
FN:111,(anonymous_7)
FNF:8
FNH:4
FNDA:46,(anonymous_0)
FNDA:1,(anonymous_1)
FNDA:0,(anonymous_2)
FNDA:0,(anonymous_3)
FNDA:0,(anonymous_4)
FNDA:0,(anonymous_5)
FNDA:1,(anonymous_6)
FNDA:1,(anonymous_7)
DA:22,25
DA:30,25
DA:33,25
DA:36,25
DA:45,25
DA:53,25
DA:59,46
DA:60,0
DA:65,46
DA:67,0
DA:71,46
DA:73,1
DA:77,45
DA:78,1
DA:87,0
DA:89,0
DA:96,0
DA:97,0
DA:104,1
DA:112,1
DA:117,1
DA:121,2
LF:22
LH:16
BRDA:59,0,0,0
BRDA:59,0,1,46
BRDA:65,1,0,0
BRDA:65,1,1,46
BRDA:71,2,0,1
BRDA:71,2,1,45
BRDA:71,3,0,46
BRDA:71,3,1,5
BRF:8
BRH:6
end_of_record
TN:
SF:src\index.ts
FNF:0
FNH:0
DA:9,2
LF:1
LH:1
BRF:0
BRH:0
end_of_record
TN:
SF:src\locales\en.ts
FNF:0
FNH:0
DA:1,2
LF:1
LH:1
BRF:0
BRH:0
end_of_record
